mode: set
github.com/centrifugal/centrifuge/internal/bpool/bpool.go:21.31,23.2 1 1
github.com/centrifugal/centrifuge/internal/bpool/bpool.go:26.52,29.2 2 1
github.com/centrifugal/centrifuge/internal/bpool/bpool.go:38.36,40.2 1 1
github.com/centrifugal/centrifuge/internal/bpool/bpool.go:43.38,45.24 2 1
github.com/centrifugal/centrifuge/internal/bpool/bpool.go:45.24,47.3 1 1
github.com/centrifugal/centrifuge/internal/bpool/bpool.go:48.2,48.17 1 1
github.com/centrifugal/centrifuge/internal/bpool/bpool.go:52.44,53.17 1 1
github.com/centrifugal/centrifuge/internal/bpool/bpool.go:53.17,57.3 1 1
github.com/centrifugal/centrifuge/internal/bpool/bpool.go:58.2,58.30 1 1
github.com/centrifugal/centrifuge/internal/bpool/bpool.go:58.30,62.3 1 1
github.com/centrifugal/centrifuge/internal/bpool/bpool.go:63.2,64.37 2 1
github.com/centrifugal/centrifuge/internal/bpool/bpool.go:64.37,66.3 1 1
github.com/centrifugal/centrifuge/internal/bpool/bpool.go:67.2,69.3 1 1
github.com/centrifugal/centrifuge/internal/bpool/bpool.go:73.36,75.49 2 1
github.com/centrifugal/centrifuge/internal/bpool/bpool.go:75.49,77.3 1 1
github.com/centrifugal/centrifuge/internal/bpool/bpool.go:78.2,80.20 3 1
github.com/centrifugal/centrifuge/internal/bpool/byte_slices.go:23.50,24.17 1 1
github.com/centrifugal/centrifuge/internal/bpool/byte_slices.go:24.17,26.3 1 1
github.com/centrifugal/centrifuge/internal/bpool/byte_slices.go:27.2,27.37 1 1
github.com/centrifugal/centrifuge/internal/bpool/byte_slices.go:27.37,31.3 1 1
github.com/centrifugal/centrifuge/internal/bpool/byte_slices.go:32.2,33.50 2 1
github.com/centrifugal/centrifuge/internal/bpool/byte_slices.go:33.50,37.3 3 1
github.com/centrifugal/centrifuge/internal/bpool/byte_slices.go:38.2,41.3 2 1
github.com/centrifugal/centrifuge/internal/bpool/byte_slices.go:45.43,47.56 2 1
github.com/centrifugal/centrifuge/internal/bpool/byte_slices.go:47.56,49.3 1 1
github.com/centrifugal/centrifuge/internal/bpool/byte_slices.go:50.2,52.23 2 1
github.com/centrifugal/centrifuge/internal/bpool/byte_slices.go:52.23,54.3 1 1
github.com/centrifugal/centrifuge/internal/bpool/byte_slices.go:55.2,56.34 2 1
github.com/centrifugal/centrifuge/internal/bpool/byte_slices.go:60.46,61.12 1 1
github.com/centrifugal/centrifuge/internal/bpool/byte_slices.go:61.12,63.3 1 1
github.com/centrifugal/centrifuge/internal/bpool/byte_slices.go:64.2,64.46 1 1
github.com/centrifugal/centrifuge/internal/bpool/byte_slices.go:68.46,69.12 1 1
github.com/centrifugal/centrifuge/internal/bpool/byte_slices.go:69.12,71.3 1 1
github.com/centrifugal/centrifuge/internal/bpool/byte_slices.go:72.2,73.22 2 1
github.com/centrifugal/centrifuge/internal/bpool/byte_slices.go:73.22,75.3 1 1
github.com/centrifugal/centrifuge/internal/bpool/byte_slices.go:76.2,76.17 1 1
